[debug] [2020-11-01T03:12:59.598Z] ----------------------------------------------------------------------
[debug] [2020-11-01T03:12:59.600Z] Command:       C:\Program Files\nodejs\node.exe C:\Users\Dev Server\AppData\Roaming\npm\node_modules\firebase-tools\lib\bin\firebase.js emulators:start
[debug] [2020-11-01T03:12:59.601Z] CLI Version:   8.13.1
[debug] [2020-11-01T03:12:59.601Z] Platform:      win32
[debug] [2020-11-01T03:12:59.601Z] Node Version:  v12.18.3
[debug] [2020-11-01T03:12:59.602Z] Time:          Sun Nov 01 2020 11:12:59 GMT+0800 (China Standard Time)
[debug] [2020-11-01T03:12:59.602Z] ----------------------------------------------------------------------
[debug] [2020-11-01T03:12:59.602Z] 
[debug] [2020-11-01T03:12:59.609Z] > command requires scopes: ["email","openid","https://www.googleapis.com/auth/cloudplatformprojects.readonly","https://www.googleapis.com/auth/firebase","https://www.googleapis.com/auth/cloud-platform"]
[debug] [2020-11-01T03:12:59.609Z] > authorizing via signed-in user
[info] i  emulators: Starting emulators: functions, hosting {"metadata":{"emulator":{"name":"hub"},"message":"Starting emulators: functions, hosting"}}
[debug] [2020-11-01T03:13:01.700Z] [hub] writing locator at C:\Users\DEVSER~1\AppData\Local\Temp\hub-e-commerce-react-practice.json
[warn] !  functions: The following emulators are not running, calls to these services from the Functions emulator will affect production: auth, firestore, database, pubsub {"metadata":{"emulator":{"name":"functions"},"message":"The following emulators are not running, calls to these services from the Functions emulator will affect production: \u001b[1mauth, firestore, database, pubsub\u001b[22m"}}
[info] +  functions: Using node@12 from host. {"metadata":{"emulator":{"name":"functions"},"message":"Using node@12 from host."}}
[debug] [2020-11-01T03:13:03.783Z] defaultcredentials: writing to file C:\Users\Dev Server\AppData\Roaming\firebase\carlosjester1_gmail_com_application_default_credentials.json
[debug] [2020-11-01T03:13:03.785Z] Setting GAC to C:\Users\Dev Server\AppData\Roaming\firebase\carlosjester1_gmail_com_application_default_credentials.json {"metadata":{"emulator":{"name":"functions"},"message":"Setting GAC to C:\\Users\\Dev Server\\AppData\\Roaming\\firebase\\carlosjester1_gmail_com_application_default_credentials.json"}}
[debug] [2020-11-01T03:13:05.842Z] >>> HTTP REQUEST GET https://firebase.googleapis.com/v1beta1/projects/e-commerce-react-practice/webApps/-/config  
 
[debug] [2020-11-01T03:13:07.316Z] <<< HTTP RESPONSE 200 {"content-type":"application/json; charset=UTF-8","vary":"X-Origin, Referer, Origin,Accept-Encoding","date":"Sun, 01 Nov 2020 03:13:07 GMT","server":"ESF","cache-control":"private","x-xss-protection":"0","x-frame-options":"SAMEORIGIN","x-content-type-options":"nosniff","alt-svc":"h3-Q050=\":443\"; ma=2592000,h3-29=\":443\"; ma=2592000,h3-T051=\":443\"; ma=2592000,h3-T050=\":443\"; ma=2592000,h3-Q046=\":443\"; ma=2592000,h3-Q043=\":443\"; ma=2592000,quic=\":443\"; ma=2592000; v=\"46,43\"","accept-ranges":"none","transfer-encoding":"chunked"}
[info] i  hosting: Serving hosting files from: build {"metadata":{"emulator":{"name":"hosting"},"message":"Serving hosting files from: \u001b[1mbuild\u001b[22m"}}
[info] +  hosting: Local server: http://localhost:5000 {"metadata":{"emulator":{"name":"hosting"},"message":"Local server: \u001b[4m\u001b[1mhttp://localhost:5000\u001b[22m\u001b[24m"}}
[info] i  ui: downloading ui-v1.1.1.zip... {"metadata":{"emulator":{"name":"ui"},"message":"downloading ui-v1.1.1.zip..."}}
[debug] [2020-11-01T03:13:13.677Z] Ignoring unsupported arg: auto_download {"metadata":{"emulator":{"name":"ui"},"message":"Ignoring unsupported arg: auto_download"}}
[debug] [2020-11-01T03:13:13.678Z] Ignoring unsupported arg: port {"metadata":{"emulator":{"name":"ui"},"message":"Ignoring unsupported arg: port"}}
[debug] [2020-11-01T03:13:13.678Z] Starting Emulator UI with command {"binary":"node","args":["C:\\Users\\Dev Server\\.cache\\firebase\\emulators\\ui-v1.1.1\\server.bundle.js"],"optionalArgs":[],"joinArgs":false} {"metadata":{"emulator":{"name":"ui"},"message":"Starting Emulator UI with command {\"binary\":\"node\",\"args\":[\"C:\\\\Users\\\\Dev Server\\\\.cache\\\\firebase\\\\emulators\\\\ui-v1.1.1\\\\server.bundle.js\"],\"optionalArgs\":[],\"joinArgs\":false}"}}
[info] i  ui: Emulator UI logging to ui-debug.log {"metadata":{"emulator":{"name":"ui"},"message":"Emulator UI logging to \u001b[1mui-debug.log\u001b[22m"}}
[debug] [2020-11-01T03:13:13.778Z] Web / API server started at http://localhost:4000
 {"metadata":{"emulator":{"name":"ui"},"message":"Web / API server started at http://localhost:4000\n"}}
[info] i  functions: Watching "C:\Users\Dev Server\Desktop\New folder\reaxt-practice-ecommerce\functions" for Cloud Functions... {"metadata":{"emulator":{"name":"functions"},"message":"Watching \"C:\\Users\\Dev Server\\Desktop\\New folder\\reaxt-practice-ecommerce\\functions\" for Cloud Functions..."}}
[debug] [2020-11-01T03:13:14.209Z] [worker-pool] addWorker(~diagnostic~) {"metadata":{"emulator":{"name":"functions"},"message":"[worker-pool] addWorker(~diagnostic~)"}}
[debug] [2020-11-01T03:13:14.209Z] [worker-pool] Adding worker with key ~diagnostic~, total=1 {"metadata":{"emulator":{"name":"functions"},"message":"[worker-pool] Adding worker with key ~diagnostic~, total=1"}}
[debug] [2020-11-01T03:13:14.210Z] [worker-pool] submitWork(triggerId=) {"metadata":{"emulator":{"name":"functions"},"message":"[worker-pool] submitWork(triggerId=)"}}
[debug] [2020-11-01T03:13:14.211Z] [worker-~diagnostic~-1dc0eccd-434e-451e-b066-dc55a4607237]: Assigning socketPath: \\?\pipe\C:\Users\Dev Server\Desktop\New folder\reaxt-practice-ecommerce\functions\14088 {"metadata":{"emulator":{"name":"functions"},"message":"[worker-~diagnostic~-1dc0eccd-434e-451e-b066-dc55a4607237]: Assigning socketPath: \\\\?\\pipe\\C:\\Users\\Dev Server\\Desktop\\New folder\\reaxt-practice-ecommerce\\functions\\14088"}}
[debug] [2020-11-01T03:13:14.212Z] [worker-~diagnostic~-1dc0eccd-434e-451e-b066-dc55a4607237]: BUSY {"metadata":{"emulator":{"name":"functions"},"message":"[worker-~diagnostic~-1dc0eccd-434e-451e-b066-dc55a4607237]: BUSY"}}
[debug] [2020-11-01T03:13:14.624Z] [runtime-status] [14088] Functions runtime initialized. {"cwd":"C:\\Users\\Dev Server\\Desktop\\New folder\\reaxt-practice-ecommerce\\functions","node_version":"12.18.3"} {"metadata":{"emulator":{"name":"functions"},"message":"[runtime-status] [14088] Functions runtime initialized. {\"cwd\":\"C:\\\\Users\\\\Dev Server\\\\Desktop\\\\New folder\\\\reaxt-practice-ecommerce\\\\functions\",\"node_version\":\"12.18.3\"}"}}
[debug] [2020-11-01T03:13:14.627Z] [runtime-status] [14088] Disabled runtime features: undefined {"metadata":{"emulator":{"name":"functions"},"message":"[runtime-status] [14088] Disabled runtime features: undefined"}}
[debug] [2020-11-01T03:13:14.631Z] [runtime-status] [14088] Resolved module firebase-admin {"declared":true,"installed":true,"version":"9.3.0","resolution":"C:\\Users\\Dev Server\\Desktop\\New folder\\reaxt-practice-ecommerce\\functions\\node_modules\\firebase-admin\\lib\\index.js"} {"metadata":{"emulator":{"name":"functions"},"message":"[runtime-status] [14088] Resolved module firebase-admin {\"declared\":true,\"installed\":true,\"version\":\"9.3.0\",\"resolution\":\"C:\\\\Users\\\\Dev Server\\\\Desktop\\\\New folder\\\\reaxt-practice-ecommerce\\\\functions\\\\node_modules\\\\firebase-admin\\\\lib\\\\index.js\"}"}}
[debug] [2020-11-01T03:13:14.635Z] [runtime-status] [14088] Resolved module firebase-functions {"declared":true,"installed":true,"version":"3.11.0","resolution":"C:\\Users\\Dev Server\\Desktop\\New folder\\reaxt-practice-ecommerce\\functions\\node_modules\\firebase-functions\\lib\\index.js"} {"metadata":{"emulator":{"name":"functions"},"message":"[runtime-status] [14088] Resolved module firebase-functions {\"declared\":true,\"installed\":true,\"version\":\"3.11.0\",\"resolution\":\"C:\\\\Users\\\\Dev Server\\\\Desktop\\\\New folder\\\\reaxt-practice-ecommerce\\\\functions\\\\node_modules\\\\firebase-functions\\\\lib\\\\index.js\"}"}}
[debug] [2020-11-01T03:13:14.636Z] [runtime-status] [14088] Resolved module firebase-functions {"declared":true,"installed":true,"version":"3.11.0","resolution":"C:\\Users\\Dev Server\\Desktop\\New folder\\reaxt-practice-ecommerce\\functions\\node_modules\\firebase-functions\\lib\\index.js"} {"metadata":{"emulator":{"name":"functions"},"message":"[runtime-status] [14088] Resolved module firebase-functions {\"declared\":true,\"installed\":true,\"version\":\"3.11.0\",\"resolution\":\"C:\\\\Users\\\\Dev Server\\\\Desktop\\\\New folder\\\\reaxt-practice-ecommerce\\\\functions\\\\node_modules\\\\firebase-functions\\\\lib\\\\index.js\"}"}}
[debug] [2020-11-01T03:13:14.637Z] [runtime-status] [14088] Outgoing network have been stubbed. [{"name":"http","status":"mocked"},{"name":"http","status":"mocked"},{"name":"https","status":"mocked"},{"name":"https","status":"mocked"},{"name":"net","status":"mocked"}] {"metadata":{"emulator":{"name":"functions"},"message":"[runtime-status] [14088] Outgoing network have been stubbed. [{\"name\":\"http\",\"status\":\"mocked\"},{\"name\":\"http\",\"status\":\"mocked\"},{\"name\":\"https\",\"status\":\"mocked\"},{\"name\":\"https\",\"status\":\"mocked\"},{\"name\":\"net\",\"status\":\"mocked\"}]"}}
[debug] [2020-11-01T03:13:14.638Z] [runtime-status] [14088] Resolved module firebase-functions {"declared":true,"installed":true,"version":"3.11.0","resolution":"C:\\Users\\Dev Server\\Desktop\\New folder\\reaxt-practice-ecommerce\\functions\\node_modules\\firebase-functions\\lib\\index.js"} {"metadata":{"emulator":{"name":"functions"},"message":"[runtime-status] [14088] Resolved module firebase-functions {\"declared\":true,\"installed\":true,\"version\":\"3.11.0\",\"resolution\":\"C:\\\\Users\\\\Dev Server\\\\Desktop\\\\New folder\\\\reaxt-practice-ecommerce\\\\functions\\\\node_modules\\\\firebase-functions\\\\lib\\\\index.js\"}"}}
[debug] [2020-11-01T03:13:14.681Z] [runtime-status] [14088] Checked functions.config() {"config":{}} {"metadata":{"emulator":{"name":"functions"},"message":"[runtime-status] [14088] Checked functions.config() {\"config\":{}}"}}
[debug] [2020-11-01T03:13:14.681Z] [runtime-status] [14088] firebase-functions has been stubbed. {"functionsResolution":{"declared":true,"installed":true,"version":"3.11.0","resolution":"C:\\Users\\Dev Server\\Desktop\\New folder\\reaxt-practice-ecommerce\\functions\\node_modules\\firebase-functions\\lib\\index.js"}} {"metadata":{"emulator":{"name":"functions"},"message":"[runtime-status] [14088] firebase-functions has been stubbed. {\"functionsResolution\":{\"declared\":true,\"installed\":true,\"version\":\"3.11.0\",\"resolution\":\"C:\\\\Users\\\\Dev Server\\\\Desktop\\\\New folder\\\\reaxt-practice-ecommerce\\\\functions\\\\node_modules\\\\firebase-functions\\\\lib\\\\index.js\"}}"}}
[debug] [2020-11-01T03:13:14.682Z] [runtime-status] [14088] Resolved module firebase-functions {"declared":true,"installed":true,"version":"3.11.0","resolution":"C:\\Users\\Dev Server\\Desktop\\New folder\\reaxt-practice-ecommerce\\functions\\node_modules\\firebase-functions\\lib\\index.js"} {"metadata":{"emulator":{"name":"functions"},"message":"[runtime-status] [14088] Resolved module firebase-functions {\"declared\":true,\"installed\":true,\"version\":\"3.11.0\",\"resolution\":\"C:\\\\Users\\\\Dev Server\\\\Desktop\\\\New folder\\\\reaxt-practice-ecommerce\\\\functions\\\\node_modules\\\\firebase-functions\\\\lib\\\\index.js\"}"}}
[debug] [2020-11-01T03:13:14.683Z] [runtime-status] [14088] Resolved module firebase-admin {"declared":true,"installed":true,"version":"9.3.0","resolution":"C:\\Users\\Dev Server\\Desktop\\New folder\\reaxt-practice-ecommerce\\functions\\node_modules\\firebase-admin\\lib\\index.js"} {"metadata":{"emulator":{"name":"functions"},"message":"[runtime-status] [14088] Resolved module firebase-admin {\"declared\":true,\"installed\":true,\"version\":\"9.3.0\",\"resolution\":\"C:\\\\Users\\\\Dev Server\\\\Desktop\\\\New folder\\\\reaxt-practice-ecommerce\\\\functions\\\\node_modules\\\\firebase-admin\\\\lib\\\\index.js\"}"}}
[debug] [2020-11-01T03:13:14.684Z] [runtime-status] [14088] Resolved module firebase-functions {"declared":true,"installed":true,"version":"3.11.0","resolution":"C:\\Users\\Dev Server\\Desktop\\New folder\\reaxt-practice-ecommerce\\functions\\node_modules\\firebase-functions\\lib\\index.js"} {"metadata":{"emulator":{"name":"functions"},"message":"[runtime-status] [14088] Resolved module firebase-functions {\"declared\":true,\"installed\":true,\"version\":\"3.11.0\",\"resolution\":\"C:\\\\Users\\\\Dev Server\\\\Desktop\\\\New folder\\\\reaxt-practice-ecommerce\\\\functions\\\\node_modules\\\\firebase-functions\\\\lib\\\\index.js\"}"}}
[debug] [2020-11-01T03:13:14.684Z] [runtime-status] [14088] firebase-admin has been stubbed. {"adminResolution":{"declared":true,"installed":true,"version":"9.3.0","resolution":"C:\\Users\\Dev Server\\Desktop\\New folder\\reaxt-practice-ecommerce\\functions\\node_modules\\firebase-admin\\lib\\index.js"}} {"metadata":{"emulator":{"name":"functions"},"message":"[runtime-status] [14088] firebase-admin has been stubbed. {\"adminResolution\":{\"declared\":true,\"installed\":true,\"version\":\"9.3.0\",\"resolution\":\"C:\\\\Users\\\\Dev Server\\\\Desktop\\\\New folder\\\\reaxt-practice-ecommerce\\\\functions\\\\node_modules\\\\firebase-admin\\\\lib\\\\index.js\"}}"}}
[info] 
┌───────────────────────────────────────────────────────────────────────┐
│ ✔  All emulators ready! View status and logs at http://localhost:4000 │
└───────────────────────────────────────────────────────────────────────┘

┌───────────┬────────────────┬─────────────────────────────────┐
│ Emulator  │ Host:Port      │ View in Emulator UI             │
├───────────┼────────────────┼─────────────────────────────────┤
│ Functions │ localhost:5001 │ http://localhost:4000/functions │
├───────────┼────────────────┼─────────────────────────────────┤
│ Hosting   │ localhost:5000 │ n/a                             │
└───────────┴────────────────┴─────────────────────────────────┘
  Other reserved ports: 4400, 4500

Issues? Report them at https://github.com/firebase/firebase-tools/issues and attach the *-debug.log files.
 
[debug] [2020-11-01T03:13:14.803Z] [worker-~diagnostic~-1dc0eccd-434e-451e-b066-dc55a4607237]: IDLE {"metadata":{"emulator":{"name":"functions"},"message":"[worker-~diagnostic~-1dc0eccd-434e-451e-b066-dc55a4607237]: IDLE"}}
[info] i  hosting: 127.0.0.1 - - [01/Nov/2020:03:15:16 +0000] "GET / HTTP/1.1" 200 2227 "-" "Mozilla/5.0 (Windows NT 10.0; Win64; x64) AppleWebKit/537.36 (KHTML, like Gecko) Chrome/86.0.4240.111 Safari/537.36" {"metadata":{"emulator":{"name":"hosting"},"message":"127.0.0.1 - - [01/Nov/2020:03:15:16 +0000] \"GET / HTTP/1.1\" 200 2227 \"-\" \"Mozilla/5.0 (Windows NT 10.0; Win64; x64) AppleWebKit/537.36 (KHTML, like Gecko) Chrome/86.0.4240.111 Safari/537.36\""}}
[info] i  hosting: 127.0.0.1 - - [01/Nov/2020:03:15:16 +0000] "GET /static/css/main.2673d07f.chunk.css HTTP/1.1" 200 3918 "http://localhost:5000/" "Mozilla/5.0 (Windows NT 10.0; Win64; x64) AppleWebKit/537.36 (KHTML, like Gecko) Chrome/86.0.4240.111 Safari/537.36" {"metadata":{"emulator":{"name":"hosting"},"message":"127.0.0.1 - - [01/Nov/2020:03:15:16 +0000] \"GET /static/css/main.2673d07f.chunk.css HTTP/1.1\" 200 3918 \"http://localhost:5000/\" \"Mozilla/5.0 (Windows NT 10.0; Win64; x64) AppleWebKit/537.36 (KHTML, like Gecko) Chrome/86.0.4240.111 Safari/537.36\""}}
[info] i  hosting: 127.0.0.1 - - [01/Nov/2020:03:15:16 +0000] "GET /static/js/main.533c4e7e.chunk.js HTTP/1.1" 200 11351 "http://localhost:5000/" "Mozilla/5.0 (Windows NT 10.0; Win64; x64) AppleWebKit/537.36 (KHTML, like Gecko) Chrome/86.0.4240.111 Safari/537.36" {"metadata":{"emulator":{"name":"hosting"},"message":"127.0.0.1 - - [01/Nov/2020:03:15:16 +0000] \"GET /static/js/main.533c4e7e.chunk.js HTTP/1.1\" 200 11351 \"http://localhost:5000/\" \"Mozilla/5.0 (Windows NT 10.0; Win64; x64) AppleWebKit/537.36 (KHTML, like Gecko) Chrome/86.0.4240.111 Safari/537.36\""}}
[info] i  hosting: 127.0.0.1 - - [01/Nov/2020:03:15:16 +0000] "GET /static/js/2.8abcf988.chunk.js HTTP/1.1" 200 1267275 "http://localhost:5000/" "Mozilla/5.0 (Windows NT 10.0; Win64; x64) AppleWebKit/537.36 (KHTML, like Gecko) Chrome/86.0.4240.111 Safari/537.36" {"metadata":{"emulator":{"name":"hosting"},"message":"127.0.0.1 - - [01/Nov/2020:03:15:16 +0000] \"GET /static/js/2.8abcf988.chunk.js HTTP/1.1\" 200 1267275 \"http://localhost:5000/\" \"Mozilla/5.0 (Windows NT 10.0; Win64; x64) AppleWebKit/537.36 (KHTML, like Gecko) Chrome/86.0.4240.111 Safari/537.36\""}}
[info] i  hosting: 127.0.0.1 - - [01/Nov/2020:03:15:16 +0000] "GET /favicon.ico HTTP/1.1" 200 3150 "http://localhost:5000/" "Mozilla/5.0 (Windows NT 10.0; Win64; x64) AppleWebKit/537.36 (KHTML, like Gecko) Chrome/86.0.4240.111 Safari/537.36" {"metadata":{"emulator":{"name":"hosting"},"message":"127.0.0.1 - - [01/Nov/2020:03:15:16 +0000] \"GET /favicon.ico HTTP/1.1\" 200 3150 \"http://localhost:5000/\" \"Mozilla/5.0 (Windows NT 10.0; Win64; x64) AppleWebKit/537.36 (KHTML, like Gecko) Chrome/86.0.4240.111 Safari/537.36\""}}
[info] i  hosting: 127.0.0.1 - - [01/Nov/2020:03:15:17 +0000] "GET /manifest.json HTTP/1.1" 200 517 "http://localhost:5000/" "Mozilla/5.0 (Windows NT 10.0; Win64; x64) AppleWebKit/537.36 (KHTML, like Gecko) Chrome/86.0.4240.111 Safari/537.36" {"metadata":{"emulator":{"name":"hosting"},"message":"127.0.0.1 - - [01/Nov/2020:03:15:17 +0000] \"GET /manifest.json HTTP/1.1\" 200 517 \"http://localhost:5000/\" \"Mozilla/5.0 (Windows NT 10.0; Win64; x64) AppleWebKit/537.36 (KHTML, like Gecko) Chrome/86.0.4240.111 Safari/537.36\""}}
[info] i  hosting: 127.0.0.1 - - [01/Nov/2020:03:15:17 +0000] "GET /logo192.png HTTP/1.1" 200 5347 "http://localhost:5000/" "Mozilla/5.0 (Windows NT 10.0; Win64; x64) AppleWebKit/537.36 (KHTML, like Gecko) Chrome/86.0.4240.111 Safari/537.36" {"metadata":{"emulator":{"name":"hosting"},"message":"127.0.0.1 - - [01/Nov/2020:03:15:17 +0000] \"GET /logo192.png HTTP/1.1\" 200 5347 \"http://localhost:5000/\" \"Mozilla/5.0 (Windows NT 10.0; Win64; x64) AppleWebKit/537.36 (KHTML, like Gecko) Chrome/86.0.4240.111 Safari/537.36\""}}
